#
# A fatal error has been detected by the Java Runtime Environment:
#
#  Internal Error (oops/constantPool.hpp:358), pid=6396, tid=0x0000000000001590
#  guarantee(tag_at(which).is_klass()) failed: Corrupted constant pool
#
# JRE version: OpenJDK Runtime Environment (8.0_152-b01) (build 1.8.0_152-release-1248-b01)
# Java VM: OpenJDK 64-Bit Server VM (25.152-b01 mixed mode windows-amd64 compressed oops)
# Failed to write core dump. Minidumps are not enabled by default on client versions of Windows
#
# If you would like to submit a bug report, please visit:
#   http://bugreport.java.com/bugreport/crash.jsp
#

---------------  T H R E A D  ---------------

Current thread (0x000000005ffd6800):  JavaThread "RMI TCP Connection(51)-127.0.0.1" daemon [_thread_in_vm, id=5520, stack(0x00000000625f0000,0x00000000626f0000)]

Stack: [0x00000000625f0000,0x00000000626f0000]
[error occurred during error reporting (printing stack bounds), id 0xc0000005]

Native frames: (J=compiled Java code, j=interpreted, Vv=VM code, C=native code)

Java frames: (J=compiled Java code, j=interpreted, Vv=VM code)
j  org.jetbrains.org.objectweb.asm.util.CheckSignatureAdapter.visitSuperclass()Lorg/jetbrains/org/objectweb/asm/signature/SignatureVisitor;+61
j  org.jetbrains.kotlin.codegen.signature.BothSignatureWriter.writeSuperclass()V+5
j  org.jetbrains.kotlin.codegen.ImplementationBodyCodegen.signature(Lorg/jetbrains/kotlin/descriptors/ClassDescriptor;Lorg/jetbrains/org/objectweb/asm/Type;Lorg/jetbrains/kotlin/codegen/SuperClassInfo;Lorg/jetbrains/kotlin/codegen/state/KotlinTypeMapper;)Lorg/jetbrains/kotlin/resolve/jvm/jvmSignature/JvmClassSignature;+26
j  org.jetbrains.kotlin.codegen.ImplementationBodyCodegen.signature()Lorg/jetbrains/kotlin/resolve/jvm/jvmSignature/JvmClassSignature;+16
j  org.jetbrains.kotlin.codegen.ImplementationBodyCodegen.generateDeclaration()V+27
j  org.jetbrains.kotlin.codegen.MemberCodegen.generate()V+1
j  org.jetbrains.kotlin.codegen.MemberCodegen.genClassOrObject(Lorg/jetbrains/kotlin/codegen/context/CodegenContext;Lorg/jetbrains/kotlin/psi/KtPureClassOrObject;Lorg/jetbrains/kotlin/codegen/state/GenerationState;Lorg/jetbrains/kotlin/codegen/MemberCodegen;Lorg/jetbrains/kotlin/descriptors/ClassDescriptor;)V+61
j  org.jetbrains.kotlin.codegen.MemberCodegen.genClassOrObject(Lorg/jetbrains/kotlin/codegen/context/CodegenContext;Lorg/jetbrains/kotlin/psi/KtClassOrObject;Lorg/jetbrains/kotlin/codegen/state/GenerationState;Lorg/jetbrains/kotlin/codegen/MemberCodegen;)V+72
j  org.jetbrains.kotlin.codegen.PackageCodegenImpl.generateClassOrObject(Lorg/jetbrains/kotlin/psi/KtClassOrObject;Lorg/jetbrains/kotlin/codegen/context/PackageContext;)V+7
j  org.jetbrains.kotlin.codegen.PackageCodegenImpl.generateClassesAndObjectsInFile(Ljava/util/List;Lorg/jetbrains/kotlin/codegen/context/PackageContext;)V+39
j  org.jetbrains.kotlin.codegen.PackageCodegenImpl.generateFile(Lorg/jetbrains/kotlin/psi/KtFile;)V+204
j  org.jetbrains.kotlin.codegen.PackageCodegenImpl.generate(Lorg/jetbrains/kotlin/codegen/CompilationErrorHandler;)V+34
j  org.jetbrains.kotlin.codegen.DefaultCodegenFactory.generatePackage(Lorg/jetbrains/kotlin/codegen/state/GenerationState;Lorg/jetbrains/kotlin/name/FqName;Ljava/util/Collection;Lorg/jetbrains/kotlin/codegen/CompilationErrorHandler;)V+46
j  org.jetbrains.kotlin.codegen.DefaultCodegenFactory.generateModule(Lorg/jetbrains/kotlin/codegen/state/GenerationState;Ljava/util/Collection;Lorg/jetbrains/kotlin/codegen/CompilationErrorHandler;)V+332
j  org.jetbrains.kotlin.codegen.KotlinCodegenFacade.doGenerateFiles(Ljava/util/Collection;Lorg/jetbrains/kotlin/codegen/state/GenerationState;Lorg/jetbrains/kotlin/codegen/CompilationErrorHandler;)V+7
j  org.jetbrains.kotlin.codegen.KotlinCodegenFacade.compileCorrectFiles(Lorg/jetbrains/kotlin/codegen/state/GenerationState;Lorg/jetbrains/kotlin/codegen/CompilationErrorHandler;)V+16
j  org.jetbrains.kotlin.kapt3.AbstractKapt3Extension.contextForStubGeneration(Lorg/jetbrains/kotlin/com/intellij/openapi/project/Project;Lorg/jetbrains/kotlin/descriptors/ModuleDescriptor;Lorg/jetbrains/kotlin/resolve/BindingContext;Ljava/util/List;)Lorg/jetbrains/kotlin/kapt3/KaptContextForStubGeneration;+111
j  org.jetbrains.kotlin.kapt3.AbstractKapt3Extension.analysisCompleted(Lorg/jetbrains/kotlin/com/intellij/openapi/project/Project;Lorg/jetbrains/kotlin/descriptors/ModuleDescriptor;Lorg/jetbrains/kotlin/resolve/BindingTrace;Ljava/util/Collection;)Lorg/jetbrains/kotlin/analyzer/AnalysisResult;+348
j  org.jetbrains.kotlin.kapt3.ClasspathBasedKapt3Extension.analysisCompleted(Lorg/jetbrains/kotlin/com/intellij/openapi/project/Project;Lorg/jetbrains/kotlin/descriptors/ModuleDescriptor;Lorg/jetbrains/kotlin/resolve/BindingTrace;Ljava/util/Collection;)Lorg/jetbrains/kotlin/analyzer/AnalysisResult;+32
j  org.jetbrains.kotlin.cli.jvm.compiler.TopDownAnalyzerFacadeForJVM$analyzeFilesWithJavaIntegration$2.invoke()Lorg/jetbrains/kotlin/analyzer/AnalysisResult;+69
j  org.jetbrains.kotlin.cli.jvm.compiler.TopDownAnalyzerFacadeForJVM.analyzeFilesWithJavaIntegration(Lorg/jetbrains/kotlin/com/intellij/openapi/project/Project;Ljava/util/Collection;Lorg/jetbrains/kotlin/resolve/BindingTrace;Lorg/jetbrains/kotlin/config/CompilerConfiguration;Lkotlin/jvm/functions/Function1;Lkotlin/jvm/functions/Function2;Lorg/jetbrains/kotlin/com/intellij/psi/search/GlobalSearchScope;)Lorg/jetbrains/kotlin/analyzer/AnalysisResult;+181
j  org.jetbrains.kotlin.cli.jvm.compiler.TopDownAnalyzerFacadeForJVM.analyzeFilesWithJavaIntegration$default(Lorg/jetbrains/kotlin/com/intellij/openapi/project/Project;Ljava/util/Collection;Lorg/jetbrains/kotlin/resolve/BindingTrace;Lorg/jetbrains/kotlin/config/CompilerConfiguration;Lkotlin/jvm/functions/Function1;Lkotlin/jvm/functions/Function2;Lorg/jetbrains/kotlin/com/intellij/psi/search/GlobalSearchScope;ILjava/lang/Object;)Lorg/jetbrains/kotlin/analyzer/AnalysisResult;+44
j  org.jetbrains.kotlin.cli.jvm.compiler.KotlinToJVMBytecodeCompiler$analyze$1.invoke()Lorg/jetbrains/kotlin/analyzer/AnalysisResult;+254
j  org.jetbrains.kotlin.cli.jvm.compiler.KotlinToJVMBytecodeCompiler$analyze$1.invoke()Ljava/lang/Object;+1
j  org.jetbrains.kotlin.cli.common.messages.AnalyzerWithCompilerReport.analyzeAndReport(Ljava/util/Collection;Lkotlin/jvm/functions/Function0;)V+16
j  org.jetbrains.kotlin.cli.jvm.compiler.KotlinToJVMBytecodeCompiler.analyze(Lorg/jetbrains/kotlin/cli/jvm/compiler/KotlinCoreEnvironment;Ljava/lang/String;)Lorg/jetbrains/kotlin/analyzer/AnalysisResult;+76
j  org.jetbrains.kotlin.cli.jvm.compiler.KotlinToJVMBytecodeCompiler.compileModules$cli(Lorg/jetbrains/kotlin/cli/jvm/compiler/KotlinCoreEnvironment;Ljava/io/File;Ljava/util/List;)Z+196
j  org.jetbrains.kotlin.cli.jvm.K2JVMCompiler.doExecute(Lorg/jetbrains/kotlin/cli/common/arguments/K2JVMCompilerArguments;Lorg/jetbrains/kotlin/config/CompilerConfiguration;Lorg/jetbrains/kotlin/com/intellij/openapi/Disposable;Lorg/jetbrains/kotlin/utils/KotlinPaths;)Lorg/jetbrains/kotlin/cli/common/ExitCode;+735
j  org.jetbrains.kotlin.cli.jvm.K2JVMCompiler.doExecute(Lorg/jetbrains/kotlin/cli/common/arguments/CommonCompilerArguments;Lorg/jetbrains/kotlin/config/CompilerConfiguration;Lorg/jetbrains/kotlin/com/intellij/openapi/Disposable;Lorg/jetbrains/kotlin/utils/KotlinPaths;)Lorg/jetbrains/kotlin/cli/common/ExitCode;+9
j  org.jetbrains.kotlin.cli.common.CLICompiler.execImpl(Lorg/jetbrains/kotlin/cli/common/messages/MessageCollector;Lorg/jetbrains/kotlin/config/Services;Lorg/jetbrains/kotlin/cli/common/arguments/CommonCompilerArguments;)Lorg/jetbrains/kotlin/cli/common/ExitCode;+144
j  org.jetbrains.kotlin.cli.common.CLICompiler.execImpl(Lorg/jetbrains/kotlin/cli/common/messages/MessageCollector;Lorg/jetbrains/kotlin/config/Services;Lorg/jetbrains/kotlin/cli/common/arguments/CommonToolArguments;)Lorg/jetbrains/kotlin/cli/common/ExitCode;+7
j  org.jetbrains.kotlin.cli.common.CLITool.exec(Lorg/jetbrains/kotlin/cli/common/messages/MessageCollector;Lorg/jetbrains/kotlin/config/Services;Lorg/jetbrains/kotlin/cli/common/arguments/CommonToolArguments;)Lorg/jetbrains/kotlin/cli/common/ExitCode;+77
j  org.jetbrains.kotlin.incremental.IncrementalJvmCompilerRunner.runCompiler(Ljava/util/Set;Lorg/jetbrains/kotlin/cli/common/arguments/K2JVMCompilerArguments;Lorg/jetbrains/kotlin/incremental/IncrementalJvmCachesManager;Lorg/jetbrains/kotlin/config/Services;Lorg/jetbrains/kotlin/cli/common/messages/MessageCollector;)Lorg/jetbrains/kotlin/cli/common/ExitCode;+362
j  org.jetbrains.kotlin.incremental.IncrementalJvmCompilerRunner.runCompiler(Ljava/util/Set;Lorg/jetbrains/kotlin/cli/common/arguments/CommonCompilerArguments;Lorg/jetbrains/kotlin/incremental/IncrementalCachesManager;Lorg/jetbrains/kotlin/config/Services;Lorg/jetbrains/kotlin/cli/common/messages/MessageCollector;)Lorg/jetbrains/kotlin/cli/common/ExitCode;+14
j  org.jetbrains.kotlin.incremental.IncrementalCompilerRunner.compileIncrementally(Lorg/jetbrains/kotlin/cli/common/arguments/CommonCompilerArguments;Lorg/jetbrains/kotlin/incremental/IncrementalCachesManager;Ljava/util/List;Lorg/jetbrains/kotlin/incremental/IncrementalCompilerRunner$CompilationMode;Lorg/jetbrains/kotlin/cli/common/messages/MessageCollector;)Lorg/jetbrains/kotlin/cli/common/ExitCode;+452
j  org.jetbrains.kotlin.incremental.IncrementalCompilerRunner.compile(Ljava/util/List;Lorg/jetbrains/kotlin/cli/common/arguments/CommonCompilerArguments;Lorg/jetbrains/kotlin/cli/common/messages/MessageCollector;Lorg/jetbrains/kotlin/incremental/ChangedFiles;)Lorg/jetbrains/kotlin/cli/common/ExitCode;+168
j  org.jetbrains.kotlin.daemon.CompileServiceImpl.execIncrementalCompiler(Lorg/jetbrains/kotlin/cli/common/arguments/K2JVMCompilerArguments;Lorg/jetbrains/kotlin/daemon/common/IncrementalCompilationOptions;Lorg/jetbrains/kotlin/daemon/common/IncrementalCompilerServicesFacade;Lorg/jetbrains/kotlin/daemon/common/CompilationResults;Lorg/jetbrains/kotlin/cli/common/messages/MessageCollector;Lorg/jetbrains/kotlin/daemon/report/DaemonMessageReporter;)Lorg/jetbrains/kotlin/cli/common/ExitCode;+1214
j  org.jetbrains.kotlin.daemon.CompileServiceImpl.access$execIncrementalCompiler(Lorg/jetbrains/kotlin/daemon/CompileServiceImpl;Lorg/jetbrains/kotlin/cli/common/arguments/K2JVMCompilerArguments;Lorg/jetbrains/kotlin/daemon/common/IncrementalCompilationOptions;Lorg/jetbrains/kotlin/daemon/common/IncrementalCompilerServicesFacade;Lorg/jetbrains/kotlin/daemon/common/CompilationResults;Lorg/jetbrains/kotlin/cli/common/messages/MessageCollector;Lorg/jetbrains/kotlin/daemon/report/DaemonMessageReporter;)Lorg/jetbrains/kotlin/cli/common/ExitCode;+10
j  org.jetbrains.kotlin.daemon.CompileServiceImpl$compile$$inlined$ifAlive$lambda$2.invoke(Lorg/jetbrains/kotlin/daemon/EventManager;Lorg/jetbrains/kotlin/daemon/common/Profiler;)Lorg/jetbrains/kotlin/cli/common/ExitCode;+50
j  org.jetbrains.kotlin.daemon.CompileServiceImpl$compile$$inlined$ifAlive$lambda$2.invoke(Ljava/lang/Object;Ljava/lang/Object;)Ljava/lang/Object;+9
j  org.jetbrains.kotlin.daemon.CompileServiceImpl$doCompile$$inlined$ifAlive$lambda$2.invoke()I+12
j  org.jetbrains.kotlin.daemon.CompileServiceImpl$doCompile$$inlined$ifAlive$lambda$2.invoke()Ljava/lang/Object;+1
j  org.jetbrains.kotlin.daemon.common.DummyProfiler.withMeasure(Ljava/lang/Object;Lkotlin/jvm/functions/Function0;)Ljava/lang/Object;+7
j  org.jetbrains.kotlin.daemon.CompileServiceImpl.checkedCompile(Lorg/jetbrains/kotlin/daemon/report/DaemonMessageReporter;Lorg/jetbrains/kotlin/daemon/common/Profiler;Lkotlin/jvm/functions/Function0;)Ljava/lang/Object;+41
j  org.jetbrains.kotlin.daemon.CompileServiceImpl.doCompile(ILorg/jetbrains/kotlin/daemon/report/DaemonMessageReporter;Lorg/jetbrains/kotlin/daemon/common/RemoteOperationsTracer;Lkotlin/jvm/functions/Function2;)Lorg/jetbrains/kotlin/daemon/common/CompileService$CallResult;+300
j  org.jetbrains.kotlin.daemon.CompileServiceImpl.compile(I[Ljava/lang/String;Lorg/jetbrains/kotlin/daemon/common/CompilationOptions;Lorg/jetbrains/kotlin/daemon/common/CompilerServicesFacadeBase;Lorg/jetbrains/kotlin/daemon/common/CompilationResults;)Lorg/jetbrains/kotlin/daemon/common/CompileService$CallResult;+735
j  sun.reflect.GeneratedMethodAccessor118.invoke(Ljava/lang/Object;[Ljava/lang/Object;)Ljava/lang/Object;+146
J 4728 C2 java.lang.reflect.Method.invoke(Ljava/lang/Object;[Ljava/lang/Object;)Ljava/lang/Object; (62 bytes) @ 0x00000000037cf290 [0x00000000037cf220+0x70]
j  sun.rmi.server.UnicastServerRef.dispatch(Ljava/rmi/Remote;Ljava/rmi/server/RemoteCall;)V+209
j  sun.rmi.transport.Transport$1.run()Ljava/lang/Void;+23
j  sun.rmi.transport.Transport$1.run()Ljava/lang/Object;+1
v  ~StubRoutines::call_stub
J 168  java.security.AccessController.doPrivileged(Ljava/security/PrivilegedExceptionAction;Ljava/security/AccessControlContext;)Ljava/lang/Object; (0 bytes) @ 0x0000000002a9a026 [0x0000000002a99fc0+0x66]
j  sun.rmi.transport.Transport.serviceCall(Ljava/rmi/server/RemoteCall;)Z+157
j  sun.rmi.transport.tcp.TCPTransport.handleMessages(Lsun/rmi/transport/Connection;Z)V+185
j  sun.rmi.transport.tcp.TCPTransport$ConnectionHandler.run0()V+680
j  sun.rmi.transport.tcp.TCPTransport$ConnectionHandler.lambda$run$0()Ljava/lang/Void;+1
j  sun.rmi.transport.tcp.TCPTransport$ConnectionHandler$$Lambda$5.run()Ljava/lang/Object;+4
v  ~StubRoutines::call_stub
J 10961  java.security.AccessController.doPrivileged(Ljava/security/PrivilegedAction;Ljava/security/AccessControlContext;)Ljava/lang/Object; (0 bytes) @ 0x00000000032fae66 [0x00000000032fae00+0x66]
j  sun.rmi.transport.tcp.TCPTransport$ConnectionHandler.run()V+58
j  java.util.concurrent.ThreadPoolExecutor.runWorker(Ljava/util/concurrent/ThreadPoolExecutor$Worker;)V+95
j  java.util.concurrent.ThreadPoolExecutor$Worker.run()V+5
j  java.lang.Thread.run()V+11
v  ~StubRoutines::call_stub

---------------  P R O C E S S  ---------------

Java Threads: ( => current thread )
  0x000000005ffce800 JavaThread "RMI RenewClean-[127.0.0.1:60880,org.jetbrains.kotlin.daemon.common.LoopbackNetworkInterface$ClientLoopbackSocketFactory@72e94d1b]" daemon [_thread_blocked, id=5180, stack(0x0000000064f80000,0x0000000065080000)]
=>0x000000005ffd6800 JavaThread "RMI TCP Connection(51)-127.0.0.1" daemon [_thread_in_vm, id=5520, stack(0x00000000625f0000,0x00000000626f0000)]
  0x000000005ffdc000 JavaThread "RMI TCP Connection(50)-127.0.0.1" daemon [_thread_in_native, id=6232, stack(0x000000005ac80000,0x000000005ad80000)]
  0x000000005ffd8000 JavaThread "RMI RenewClean-[127.0.0.1:60880,org.jetbrains.kotlin.daemon.common.LoopbackNetworkInterface$ClientLoopbackSocketFactory@143f600b]" daemon [_thread_blocked, id=4944, stack(0x0000000065480000,0x0000000065580000)]
  0x000000005ffdb000 JavaThread "RMI RenewClean-[127.0.0.1:60880,org.jetbrains.kotlin.daemon.common.LoopbackNetworkInterface$ClientLoopbackSocketFactory@3584dc1b]" daemon [_thread_blocked, id=5204, stack(0x0000000063990000,0x0000000063a90000)]
  0x000000005ffd1800 JavaThread "RMI RenewClean-[127.0.0.1:60880,org.jetbrains.kotlin.daemon.common.LoopbackNetworkInterface$ClientLoopbackSocketFactory@3271ea9a]" daemon [_thread_blocked, id=3928, stack(0x00000000611e0000,0x00000000612e0000)]
  0x0000000059eea000 JavaThread "RMI Scheduler(0)" daemon [_thread_blocked, id=9408, stack(0x000000005a6a0000,0x000000005a7a0000)]
  0x00000000022a8800 JavaThread "DestroyJavaVM" [_thread_blocked, id=5148, stack(0x0000000002560000,0x0000000002660000)]
  0x0000000059e4e000 JavaThread "GC Daemon" daemon [_thread_blocked, id=7616, stack(0x000000005ab10000,0x000000005ac10000)]
  0x0000000059e4d000 JavaThread "RMI Reaper" [_thread_blocked, id=8620, stack(0x000000005a7c0000,0x000000005a8c0000)]
  0x0000000059e3a000 JavaThread "Timer-0" daemon [_thread_blocked, id=9612, stack(0x000000005a410000,0x000000005a510000)]
  0x0000000059e39800 JavaThread "RMI TCP Accept-17920" daemon [_thread_in_native, id=3052, stack(0x00000000594b0000,0x00000000595b0000)]
  0x0000000057aaf800 JavaThread "Service Thread" daemon [_thread_blocked, id=6112, stack(0x00000000596d0000,0x00000000597d0000)]
  0x0000000057a4a000 JavaThread "C1 CompilerThread3" daemon [_thread_blocked, id=6340, stack(0x00000000595c0000,0x00000000596c0000)]
  0x0000000057a29000 JavaThread "C2 CompilerThread2" daemon [_thread_blocked, id=9184, stack(0x0000000058a20000,0x0000000058b20000)]
  0x000000005696f000 JavaThread "C2 CompilerThread1" daemon [_thread_in_native, id=7528, stack(0x0000000059370000,0x0000000059470000)]
  0x0000000057a1b000 JavaThread "C2 CompilerThread0" daemon [_thread_blocked, id=5984, stack(0x0000000059130000,0x0000000059230000)]
  0x0000000057a16000 JavaThread "Attach Listener" daemon [_thread_blocked, id=5696, stack(0x0000000058fd0000,0x00000000590d0000)]
  0x0000000057a15000 JavaThread "Signal Dispatcher" daemon [_thread_blocked, id=10232, stack(0x0000000058df0000,0x0000000058ef0000)]
  0x000000005695f800 JavaThread "Finalizer" daemon [_thread_blocked, id=9236, stack(0x0000000058ce0000,0x0000000058de0000)]
  0x0000000056958800 JavaThread "Reference Handler" daemon [_thread_blocked, id=9200, stack(0x0000000058b20000,0x0000000058c20000)]

Other Threads:
  0x00000000579c1800 VMThread [stack: 0x0000000058910000,0x0000000058a10000] [id=1944]
  0x0000000057a8d000 WatcherThread [stack: 0x00000000598c0000,0x00000000599c0000] [id=5716]

VM state:not at safepoint (normal execution)

VM Mutex/Monitor currently owned by a thread: None

Heap:
 PSYoungGen      total 342528K, used 125919K [0x00000000e0000000, 0x0000000100000000, 0x0000000100000000)
  eden space 233472K, 7% used [0x00000000e0000000,0x00000000e107e828,0x00000000ee400000)
  from space 109056K, 99% used [0x00000000f9580000,0x00000000ffff9760,0x0000000100000000)
  to   space 145408K, 0% used [0x00000000ee400000,0x00000000ee400000,0x00000000f7200000)
 ParOldGen       total 169472K, used 104930K [0x00000000a0000000, 0x00000000aa580000, 0x00000000e0000000)
  object space 169472K, 61% used [0x00000000a0000000,0x00000000a6678908,0x00000000aa580000)
 Metaspace       used 96446K, capacity 99683K, committed 100016K, reserved 1136640K
  class space    used 11620K, capacity 12378K, committed 12464K, reserved 1048576K

Card table byte_map: [0x0000000011cf0000,0x0000000012000000] byte_map_base: 0x00000000117f0000

Marking Bits: (ParMarkBitMap*) 0x0000000064295aa0
 Begin Bits: [0x0000000012c70000, 0x0000000014470000)
 End Bits:   [0x0000000014470000, 0x0000000015c70000)

Polling page: 0x0000000000230000

CodeCache: size=245760Kb used=46552Kb max_used=46599Kb free=199207Kb
 bounds [0x0000000002930000, 0x0000000005720000, 0x0000000011930000]
 total_blobs=13421 nmethods=12846 adapters=485
 compilation: enabled

Compilation events (10 events):
Event: 6008.657 Thread 0x0000000057a4a000 16710       3       gnu.trove.TIntArrayList::<init> (5 bytes)
Event: 6008.658 Thread 0x0000000057a4a000 nmethod 16710 0x0000000003317dd0 code [0x0000000003317f20, 0x00000000033180d0]
Event: 6008.658 Thread 0x0000000057a4a000 16711       3       org.jetbrains.kotlin.psi.KtVisitorVoid::visitDeclaration (8 bytes)
Event: 6008.658 Thread 0x0000000057a4a000 nmethod 16711 0x0000000003ed3ed0 code [0x0000000003ed4040, 0x0000000003ed4468]
Event: 6008.658 Thread 0x0000000057a4a000 16712       3       org.jetbrains.kotlin.psi.KtVisitorVoid::visitValueArgumentList (10 bytes)
Event: 6008.659 Thread 0x0000000057a4a000 nmethod 16712 0x00000000051aa590 code [0x00000000051aa720, 0x00000000051aadc8]
Event: 6008.659 Thread 0x0000000057a4a000 16713       3       org.jetbrains.kotlin.psi.KtVisitorVoid::visitValueArgumentList (7 bytes)
Event: 6008.659 Thread 0x0000000057a4a000 nmethod 16713 0x00000000043ced50 code [0x00000000043ceee0, 0x00000000043cf3e8]
Event: 6008.659 Thread 0x0000000057a4a000 16714       3       org.jetbrains.kotlin.psi.KtVisitorVoid::visitValueArgumentList (8 bytes)
Event: 6008.659 Thread 0x0000000057a4a000 nmethod 16714 0x00000000051a9e90 code [0x00000000051aa000, 0x00000000051aa428]

GC Heap History (10 events):
Event: 5198.427 GC heap before
{Heap before GC invocations=25 (full 5):
 PSYoungGen      total 340992K, used 309672K [0x00000000e0000000, 0x00000000fb880000, 0x0000000100000000)
  eden space 265728K, 100% used [0x00000000e0000000,0x00000000f0380000,0x00000000f0380000)
  from space 75264K, 58% used [0x00000000f0380000,0x00000000f2e6a290,0x00000000f4d00000)
  to   space 75776K, 0% used [0x00000000f6e80000,0x00000000f6e80000,0x00000000fb880000)
 ParOldGen       total 169472K, used 64748K [0x00000000a0000000, 0x00000000aa580000, 0x00000000e0000000)
  object space 169472K, 38% used [0x00000000a0000000,0x00000000a3f3b038,0x00000000aa580000)
 Metaspace       used 86368K, capacity 89019K, committed 89264K, reserved 1128448K
  class space    used 10488K, capacity 11148K, committed 11184K, reserved 1048576K
Event: 5198.492 GC heap after
Heap after GC invocations=25 (full 5):
 PSYoungGen      total 360448K, used 75763K [0x00000000e0000000, 0x00000000fda00000, 0x0000000100000000)
  eden space 284672K, 0% used [0x00000000e0000000,0x00000000e0000000,0x00000000f1600000)
  from space 75776K, 99% used [0x00000000f6e80000,0x00000000fb87cf20,0x00000000fb880000)
  to   space 90624K, 0% used [0x00000000f1600000,0x00000000f1600000,0x00000000f6e80000)
 ParOldGen       total 169472K, used 74177K [0x00000000a0000000, 0x00000000aa580000, 0x00000000e0000000)
  object space 169472K, 43% used [0x00000000a0000000,0x00000000a48705f0,0x00000000aa580000)
 Metaspace       used 86368K, capacity 89019K, committed 89264K, reserved 1128448K
  class space    used 10488K, capacity 11148K, committed 11184K, reserved 1048576K
}
Event: 5553.512 GC heap before
{Heap before GC invocations=26 (full 5):
 PSYoungGen      total 360448K, used 360435K [0x00000000e0000000, 0x00000000fda00000, 0x0000000100000000)
  eden space 284672K, 100% used [0x00000000e0000000,0x00000000f1600000,0x00000000f1600000)
  from space 75776K, 99% used [0x00000000f6e80000,0x00000000fb87cf20,0x00000000fb880000)
  to   space 90624K, 0% used [0x00000000f1600000,0x00000000f1600000,0x00000000f6e80000)
 ParOldGen       total 169472K, used 74177K [0x00000000a0000000, 0x00000000aa580000, 0x00000000e0000000)
  object space 169472K, 43% used [0x00000000a0000000,0x00000000a48705f0,0x00000000aa580000)
 Metaspace       used 89997K, capacity 92937K, committed 93104K, reserved 1130496K
  class space    used 10889K, capacity 11573K, committed 11696K, reserved 1048576K
Event: 5553.574 GC heap after
Heap after GC invocations=26 (full 5):
 PSYoungGen      total 375296K, used 77701K [0x00000000e0000000, 0x00000000ffb00000, 0x0000000100000000)
  eden space 284672K, 0% used [0x00000000e0000000,0x00000000e0000000,0x00000000f1600000)
  from space 90624K, 85% used [0x00000000f1600000,0x00000000f61e1430,0x00000000f6e80000)
  to   space 100352K, 0% used [0x00000000f9900000,0x00000000f9900000,0x00000000ffb00000)
 ParOldGen       total 169472K, used 90000K [0x00000000a0000000, 0x00000000aa580000, 0x00000000e0000000)
  object space 169472K, 53% used [0x00000000a0000000,0x00000000a57e4250,0x00000000aa580000)
 Metaspace       used 89997K, capacity 92937K, committed 93104K, reserved 1130496K
  class space    used 10889K, capacity 11573K, committed 11696K, reserved 1048576K
}
Event: 5555.081 GC heap before
{Heap before GC invocations=27 (full 5):
 PSYoungGen      total 375296K, used 362373K [0x00000000e0000000, 0x00000000ffb00000, 0x0000000100000000)
  eden space 284672K, 100% used [0x00000000e0000000,0x00000000f1600000,0x00000000f1600000)
  from space 90624K, 85% used [0x00000000f1600000,0x00000000f61e1430,0x00000000f6e80000)
  to   space 100352K, 0% used [0x00000000f9900000,0x00000000f9900000,0x00000000ffb00000)
 ParOldGen       total 169472K, used 90000K [0x00000000a0000000, 0x00000000aa580000, 0x00000000e0000000)
  object space 169472K, 53% used [0x00000000a0000000,0x00000000a57e4250,0x00000000aa580000)
 Metaspace       used 91361K, capacity 94369K, committed 94512K, reserved 1132544K
  class space    used 11026K, capacity 11751K, committed 11824K, reserved 1048576K
Event: 5555.146 GC heap after
Heap after GC invocations=27 (full 5):
 PSYoungGen      total 406528K, used 80730K [0x00000000e0000000, 0x0000000100000000, 0x0000000100000000)
  eden space 306176K, 0% used [0x00000000e0000000,0x00000000e0000000,0x00000000f2b00000)
  from space 100352K, 80% used [0x00000000f9900000,0x00000000fe7d6ab8,0x00000000ffb00000)
  to   space 109056K, 0% used [0x00000000f2b00000,0x00000000f2b00000,0x00000000f9580000)
 ParOldGen       total 169472K, used 90008K [0x00000000a0000000, 0x00000000aa580000, 0x00000000e0000000)
  object space 169472K, 53% used [0x00000000a0000000,0x00000000a57e6250,0x00000000aa580000)
 Metaspace       used 91361K, capacity 94369K, committed 94512K, reserved 1132544K
  class space    used 11026K, capacity 11751K, committed 11824K, reserved 1048576K
}
Event: 5556.604 GC heap before
{Heap before GC invocations=28 (full 5):
 PSYoungGen      total 406528K, used 386906K [0x00000000e0000000, 0x0000000100000000, 0x0000000100000000)
  eden space 306176K, 100% used [0x00000000e0000000,0x00000000f2b00000,0x00000000f2b00000)
  from space 100352K, 80% used [0x00000000f9900000,0x00000000fe7d6ab8,0x00000000ffb00000)
  to   space 109056K, 0% used [0x00000000f2b00000,0x00000000f2b00000,0x00000000f9580000)
 ParOldGen       total 169472K, used 90008K [0x00000000a0000000, 0x00000000aa580000, 0x00000000e0000000)
  object space 169472K, 53% used [0x00000000a0000000,0x00000000a57e6250,0x00000000aa580000)
 Metaspace       used 95455K, capacity 98591K, committed 98864K, reserved 1136640K
  class space    used 11495K, capacity 12240K, committed 12336K, reserved 1048576K
Event: 5556.676 GC heap after
Heap after GC invocations=28 (full 5):
 PSYoungGen      total 415232K, used 109053K [0x00000000e0000000, 0x0000000100000000, 0x0000000100000000)
  eden space 306176K, 0% used [0x00000000e0000000,0x00000000e0000000,0x00000000f2b00000)
  from space 109056K, 99% used [0x00000000f2b00000,0x00000000f957f718,0x00000000f9580000)
  to   space 109056K, 0% used [0x00000000f9580000,0x00000000f9580000,0x0000000100000000)
 ParOldGen       total 169472K, used 94418K [0x00000000a0000000, 0x00000000aa580000, 0x00000000e0000000)
  object space 169472K, 55% used [0x00000000a0000000,0x00000000a5c34bd8,0x00000000aa580000)
 Metaspace       used 95455K, capacity 98591K, committed 98864K, reserved 1136640K
  class space    used 11495K, capacity 12240K, committed 12336K, reserved 1048576K
}
Event: 6008.492 GC heap before
{Heap before GC invocations=29 (full 5):
 PSYoungGen      total 415232K, used 415229K [0x00000000e0000000, 0x0000000100000000, 0x0000000100000000)
  eden space 306176K, 100% used [0x00000000e0000000,0x00000000f2b00000,0x00000000f2b00000)
  from space 109056K, 99% used [0x00000000f2b00000,0x00000000f957f718,0x00000000f9580000)
  to   space 109056K, 0% used [0x00000000f9580000,0x00000000f9580000,0x0000000100000000)
 ParOldGen       total 169472K, used 94418K [0x00000000a0000000, 0x00000000aa580000, 0x00000000e0000000)
  object space 169472K, 55% used [0x00000000a0000000,0x00000000a5c34bd8,0x00000000aa580000)
 Metaspace       used 96433K, capacity 99683K, committed 100016K, reserved 1136640K
  class space    used 11618K, capacity 12378K, committed 12464K, reserved 1048576K
Event: 6008.588 GC heap after
Heap after GC invocations=29 (full 5):
 PSYoungGen      total 342528K, used 109029K [0x00000000e0000000, 0x0000000100000000, 0x0000000100000000)
  eden space 233472K, 0% used [0x00000000e0000000,0x00000000e0000000,0x00000000ee400000)
  from space 109056K, 99% used [0x00000000f9580000,0x00000000ffff9760,0x0000000100000000)
  to   space 145408K, 0% used [0x00000000ee400000,0x00000000ee400000,0x00000000f7200000)
 ParOldGen       total 169472K, used 104930K [0x00000000a0000000, 0x00000000aa580000, 0x00000000e0000000)
  object space 169472K, 61% used [0x00000000a0000000,0x00000000a6678908,0x00000000aa580000)
 Metaspace       used 96433K, capacity 99683K, committed 100016K, reserved 1136640K
  class space    used 11618K, capacity 12378K, committed 12464K, reserved 1048576K
}

Deoptimization events (10 events):
Event: 6007.525 Thread 0x000000005ffd6800 Uncommon trap: reason=class_check action=maybe_recompile pc=0x000000000518f800 method=org.jetbrains.kotlin.load.java.lazy.descriptors.LazyJavaClassMemberScope.computeFunctionNames(Lorg/jetbrains/kotlin/resolve/scopes/DescriptorKindFilter;Lkotlin/jvm/funct
Event: 6007.660 Thread 0x000000005ffd6800 Uncommon trap: reason=class_check action=maybe_recompile pc=0x000000000556556c method=org.jetbrains.kotlin.load.java.lazy.descriptors.LazyJavaClassMemberScope.getPropertiesFromSupertypes(Lorg/jetbrains/kotlin/name/Name;)Ljava/util/Set; @ 95
Event: 6007.661 Thread 0x000000005ffd6800 Uncommon trap: reason=class_check action=maybe_recompile pc=0x000000000556556c method=org.jetbrains.kotlin.load.java.lazy.descriptors.LazyJavaClassMemberScope.getPropertiesFromSupertypes(Lorg/jetbrains/kotlin/name/Name;)Ljava/util/Set; @ 95
Event: 6007.661 Thread 0x000000005ffd6800 Uncommon trap: reason=class_check action=maybe_recompile pc=0x000000000556556c method=org.jetbrains.kotlin.load.java.lazy.descriptors.LazyJavaClassMemberScope.getPropertiesFromSupertypes(Lorg/jetbrains/kotlin/name/Name;)Ljava/util/Set; @ 95
Event: 6007.661 Thread 0x000000005ffd6800 Uncommon trap: reason=class_check action=maybe_recompile pc=0x000000000556556c method=org.jetbrains.kotlin.load.java.lazy.descriptors.LazyJavaClassMemberScope.getPropertiesFromSupertypes(Lorg/jetbrains/kotlin/name/Name;)Ljava/util/Set; @ 95
Event: 6008.133 Thread 0x000000005ffd6800 Uncommon trap: reason=predicate action=maybe_recompile pc=0x0000000002ef1a4c method=org.jetbrains.kotlin.com.intellij.util.ArrayUtil.mergeCollections(Ljava/util/Collection;Ljava/util/Collection;Lorg/jetbrains/kotlin/com/intellij/util/ArrayFactory;)[Ljava/
Event: 6008.177 Thread 0x000000005ffd6800 Uncommon trap: reason=array_check action=maybe_recompile pc=0x00000000047507f8 method=org.jetbrains.kotlin.com.intellij.util.ArrayUtil.mergeCollections(Ljava/util/Collection;Ljava/util/Collection;Lorg/jetbrains/kotlin/com/intellij/util/ArrayFactory;)[Ljav
Event: 6008.179 Thread 0x000000005ffd6800 Uncommon trap: reason=array_check action=maybe_recompile pc=0x00000000047507f8 method=org.jetbrains.kotlin.com.intellij.util.ArrayUtil.mergeCollections(Ljava/util/Collection;Ljava/util/Collection;Lorg/jetbrains/kotlin/com/intellij/util/ArrayFactory;)[Ljav
Event: 6008.179 Thread 0x000000005ffd6800 Uncommon trap: reason=array_check action=maybe_recompile pc=0x00000000047507f8 method=org.jetbrains.kotlin.com.intellij.util.ArrayUtil.mergeCollections(Ljava/util/Collection;Ljava/util/Collection;Lorg/jetbrains/kotlin/com/intellij/util/ArrayFactory;)[Ljav
Event: 6008.180 Thread 0x000000005ffd6800 Uncommon trap: reason=array_check action=maybe_recompile pc=0x00000000047507f8 method=org.jetbrains.kotlin.com.intellij.util.ArrayUtil.mergeCollections(Ljava/util/Collection;Ljava/util/Collection;Lorg/jetbrains/kotlin/com/intellij/util/ArrayFactory;)[Ljav

Classes redefined (0 events):
No events

Internal exceptions (10 events):
Event: 5555.828 Thread 0x000000005ffce800 Exception <a 'java/io/FileNotFoundException'> (0x00000000e8212de8) thrown at [D:\src\AOSP-openjdk-cygwin\jdk8u\hotspot\src\share\vm\prims\jni.cpp, line 709]
Event: 5555.828 Thread 0x000000005ffce800 Exception <a 'java/io/FileNotFoundException'> (0x00000000e82145b0) thrown at [D:\src\AOSP-openjdk-cygwin\jdk8u\hotspot\src\share\vm\prims\jni.cpp, line 709]
Event: 5556.677 Thread 0x000000005695f800 Exception <a 'java/lang/NoClassDefFoundError': org/sqlite/SQLiteErrorCode> (0x00000000e02412a0) thrown at [D:\src\AOSP-openjdk-cygwin\jdk8u\hotspot\src\share\vm\classfile\systemDictionary.cpp, line 199]
Event: 5556.678 Thread 0x000000005695f800 Exception <a 'java/lang/NoClassDefFoundError': org/sqlite/SQLiteErrorCode> (0x00000000e02416f8) thrown at [D:\src\AOSP-openjdk-cygwin\jdk8u\hotspot\src\share\vm\oops\constantPool.cpp, line 235]
Event: 6006.040 Thread 0x000000005ffce800 Exception <a 'java/lang/InterruptedException'> (0x00000000e40de890) thrown at [D:\src\AOSP-openjdk-cygwin\jdk8u\hotspot\src\share\vm\runtime\objectMonitor.cpp, line 1684]
Event: 6006.183 Thread 0x000000005ffd6800 Exception <a 'java/io/FileNotFoundException'> (0x00000000e4238f30) thrown at [D:\src\AOSP-openjdk-cygwin\jdk8u\hotspot\src\share\vm\prims\jni.cpp, line 709]
Event: 6006.183 Thread 0x000000005ffd6800 Exception <a 'sun/nio/fs/WindowsException'> (0x00000000e423a6a8) thrown at [D:\src\AOSP-openjdk-cygwin\jdk8u\hotspot\src\share\vm\prims\jni.cpp, line 709]
Event: 6006.185 Thread 0x000000005ffd6800 Exception <a 'sun/nio/fs/WindowsException'> (0x00000000e423e240) thrown at [D:\src\AOSP-openjdk-cygwin\jdk8u\hotspot\src\share\vm\prims\jni.cpp, line 709]
Event: 6006.185 Thread 0x000000005ffd6800 Exception <a 'java/io/FileNotFoundException'> (0x00000000e423f570) thrown at [D:\src\AOSP-openjdk-cygwin\jdk8u\hotspot\src\share\vm\prims\jni.cpp, line 709]
Event: 6006.185 Thread 0x000000005ffd6800 Exception <a 'java/io/FileNotFoundException'> (0x00000000e4240e30) thrown at [D:\src\AOSP-openjdk-cygwin\jdk8u\hotspot\src\share\vm\prims\jni.cpp, line 709]

Events (10 events):
Event: 6008.588 Executing VM operation: RevokeBias done
Event: 6008.590 Thread 0x000000005e9d1000 Thread exited: 0x000000005e9d1000
Event: 6008.640 Thread 0x000000005ffd6800 DEOPT PACKING pc=0x00000000044be88e sp=0x00000000626ebfc0
Event: 6008.640 Thread 0x000000005ffd6800 DEOPT UNPACKING pc=0x00000000029775d0 sp=0x00000000626ebdc8 mode 0
Event: 6008.643 loading class org/jetbrains/kotlin/kapt3/AbstractKapt3Extension$analysisCompleted$1
Event: 6008.643 loading class org/jetbrains/kotlin/kapt3/AbstractKapt3Extension$analysisCompleted$1 done
Event: 6008.658 loading class org/jetbrains/kotlin/android/synthetic/codegen/AbstractAndroidOnDestroyClassBuilderInterceptorExtension$AndroidOnDestroyClassBuilderFactory
Event: 6008.658 loading class org/jetbrains/kotlin/android/synthetic/codegen/AbstractAndroidOnDestroyClassBuilderInterceptorExtension$AndroidOnDestroyClassBuilderFactory done
Event: 6008.659 loading class org/jetbrains/kotlin/android/synthetic/codegen/AbstractAndroidOnDestroyClassBuilderInterceptorExtension$AndroidOnDestroyCollectorClassBuilder
Event: 6008.659 loading class org/jetbrains/kotlin/android/synthetic/codegen/AbstractAndroidOnDestroyClassBuilderInterceptorExtension$AndroidOnDestroyCollectorClassBuilder done


Dynamic libraries:
0x000000013f3a0000 - 0x000000013f3d1000 	C:\Program Files\Android\Android Studio\jre\jre\bin\java.exe
0x0000000077220000 - 0x00000000773bf000 	C:\Windows\SYSTEM32\ntdll.dll
0x0000000077100000 - 0x000000007721f000 	C:\Windows\system32\kernel32.dll
0x000007fefcdb0000 - 0x000007fefce1a000 	C:\Windows\system32\KERNELBASE.dll
0x000007feff420000 - 0x000007feff4fb000 	C:\Windows\system32\ADVAPI32.dll
0x000007fefd9a0000 - 0x000007fefda3f000 	C:\Windows\system32\msvcrt.dll
0x000007fefd8c0000 - 0x000007fefd8df000 	C:\Windows\SYSTEM32\sechost.dll
0x000007fefda40000 - 0x000007fefdb6d000 	C:\Windows\system32\RPCRT4.dll
0x0000000077000000 - 0x00000000770fa000 	C:\Windows\system32\USER32.dll
0x000007fefd930000 - 0x000007fefd997000 	C:\Windows\system32\GDI32.dll
0x000007fefe2d0000 - 0x000007fefe2de000 	C:\Windows\system32\LPK.dll
0x000007fefd410000 - 0x000007fefd4db000 	C:\Windows\system32\USP10.dll
0x000007fefb1e0000 - 0x000007fefb3d4000 	C:\Windows\WinSxS\amd64_microsoft.windows.common-controls_6595b64144ccf1df_6.0.7601.18837_none_fa3b1e3d17594757\COMCTL32.dll
0x000007fefd330000 - 0x000007fefd3a1000 	C:\Windows\system32\SHLWAPI.dll
0x000007fefd870000 - 0x000007fefd89e000 	C:\Windows\system32\IMM32.DLL
0x000007fefd760000 - 0x000007fefd869000 	C:\Windows\system32\MSCTF.dll
0x0000000065b60000 - 0x0000000065c32000 	C:\Program Files\Android\Android Studio\jre\jre\bin\msvcr100.dll
0x0000000063ad0000 - 0x0000000064311000 	C:\Program Files\Android\Android Studio\jre\jre\bin\server\jvm.dll
0x000007fefc260000 - 0x000007fefc269000 	C:\Windows\system32\WSOCK32.dll
0x000007fefd8e0000 - 0x000007fefd92d000 	C:\Windows\system32\WS2_32.dll
0x000007feff500000 - 0x000007feff508000 	C:\Windows\system32\NSI.dll
0x000007fefaa40000 - 0x000007fefaa7b000 	C:\Windows\system32\WINMM.dll
0x000007fefc250000 - 0x000007fefc25c000 	C:\Windows\system32\VERSION.dll
0x00000000773c0000 - 0x00000000773c7000 	C:\Windows\system32\PSAPI.DLL
0x000007fef9380000 - 0x000007fef938f000 	C:\Program Files\Android\Android Studio\jre\jre\bin\verify.dll
0x000007fef9210000 - 0x000007fef9239000 	C:\Program Files\Android\Android Studio\jre\jre\bin\java.dll
0x000007fef9250000 - 0x000007fef9266000 	C:\Program Files\Android\Android Studio\jre\jre\bin\zip.dll
0x000007fefe5b0000 - 0x000007feff33a000 	C:\Windows\system32\SHELL32.dll
0x000007fefd130000 - 0x000007fefd32f000 	C:\Windows\system32\ole32.dll
0x000007fefcd70000 - 0x000007fefcd7f000 	C:\Windows\system32\profapi.dll
0x000007fef9390000 - 0x000007fef939d000 	C:\Program Files\Android\Android Studio\jre\jre\bin\management.dll
0x000007fef9280000 - 0x000007fef929a000 	C:\Program Files\Android\Android Studio\jre\jre\bin\net.dll
0x000007fefc500000 - 0x000007fefc555000 	C:\Windows\system32\mswsock.dll
0x000007fefc4f0000 - 0x000007fefc4f7000 	C:\Windows\System32\wship6.dll
0x000007fef5b40000 - 0x000007fef5b51000 	C:\Program Files\Android\Android Studio\jre\jre\bin\nio.dll
0x000007fefc8b0000 - 0x000007fefc8c8000 	C:\Windows\system32\CRYPTSP.dll
0x000007fefc1b0000 - 0x000007fefc1f7000 	C:\Windows\system32\rsaenh.dll
0x000007fefcd90000 - 0x000007fefcdae000 	C:\Windows\system32\USERENV.dll
0x000007fefcc10000 - 0x000007fefcc1f000 	C:\Windows\system32\CRYPTBASE.dll
0x000007fefa910000 - 0x000007fefa937000 	C:\Windows\system32\IPHLPAPI.DLL
0x000007fefa8f0000 - 0x000007fefa8fb000 	C:\Windows\system32\WINNSI.DLL
0x000007fefa730000 - 0x000007fefa741000 	C:\Windows\system32\dhcpcsvc6.DLL
0x000007fefa6b0000 - 0x000007fefa6c8000 	C:\Windows\system32\dhcpcsvc.DLL
0x000000006adc0000 - 0x000000006aeb2000 	C:\Users\diegof\AppData\Local\Temp\room-966cbf8c-5aa2-4a87-93ba-74d67cf6c62f\sqlite-3.20.1-02752dec-c614-41a4-86c2-4a3c996b48dd-sqlitejdbc.dll
0x0000000059230000 - 0x0000000059322000 	C:\Users\diegof\AppData\Local\Temp\room-45913a8f-691e-4831-baf1-6c8a5ec19b36\sqlite-3.20.1-9e95bd83-498e-40b4-b112-7b8534555140-sqlitejdbc.dll
0x00000000624c0000 - 0x00000000625b2000 	C:\Users\diegof\AppData\Local\Temp\room-329a7250-46ca-4187-8884-4c101921cfdb\sqlite-3.20.1-098c9bfc-2e6e-4601-8743-f9c71ebfd439-sqlitejdbc.dll
0x0000000063650000 - 0x0000000063742000 	C:\Users\diegof\AppData\Local\Temp\room-1b936cd8-4870-49c8-bfd7-e8fe83d85448\sqlite-3.20.1-85feff8f-db2b-4e32-836d-cca65a6a46be-sqlitejdbc.dll
0x00000000627b0000 - 0x00000000628a2000 	C:\Users\diegof\AppData\Local\Temp\room-b43abd7b-d778-4b2c-a652-693eaacd4057\sqlite-3.20.1-8bc4e5c4-a5ef-4733-bf72-83f69f877857-sqlitejdbc.dll
0x000000005a510000 - 0x000000005a602000 	C:\Users\diegof\AppData\Local\Temp\room-e86b6cda-18a4-4dd9-a4c6-d3f7b0e50d82\sqlite-3.20.1-c77a4a9a-f114-4fbe-91d9-a4813d788ee3-sqlitejdbc.dll

VM Arguments:
jvm_args: -Djava.awt.headless=true -Djava.rmi.server.hostname=127.0.0.1 -Xmx1536m -Dkotlin.environment.keepalive 
java_command: org.jetbrains.kotlin.daemon.KotlinCompileDaemon --daemon-runFilesPath C:\Users\diegof\AppData\Local\kotlin\daemon --daemon-autoshutdownIdleSeconds=7200 --daemon-compilerClasspath C:\Users\diegof\.gradle\caches\modules-2\files-2.1\org.jetbrains.kotlin\kotlin-compiler-embeddable\1.3.21\677cc9553b8964c895abc76da9b6a0faea8f671d\kotlin-compiler-embeddable-1.3.21.jar;C:\Users\diegof\.gradle\caches\modules-2\files-2.1\org.jetbrains.kotlin\kotlin-reflect\1.3.21\d0d5ff2ac2ebd8a42697af41e20fc225a23c5d3b\kotlin-reflect-1.3.21.jar;C:\Users\diegof\.gradle\caches\modules-2\files-2.1\org.jetbrains.kotlin\kotlin-stdlib\1.3.21\4bcc2012b84840e19e1e28074284cac908be0295\kotlin-stdlib-1.3.21.jar;C:\Users\diegof\.gradle\caches\modules-2\files-2.1\org.jetbrains.kotlin\kotlin-script-runtime\1.3.21\29363d474ee6fda354900636320a177c7286def9\kotlin-script-runtime-1.3.21.jar;C:\Users\diegof\.gradle\caches\modules-2\files-2.1\org.jetbrains.intellij.deps\trove4j\1.0.20181211\216c2e14b070f334479d800987affe4054cd563f\trove4j-1.0.20181211.jar;C:\Users\diegof\.gradle\caches\modules-2\files-2.1\org.jetbrains.kotlin\kotlin-stdlib-common\1.3.21\f30e4a9897913e53d778f564110bafa1fef46643\kotlin-stdlib-common-1.3.21.jar;C:\Users\diegof\.gradle\caches\modules-2\files-2.1\org.jetbrains\annotations\13.0\919f0dfe192fb4e063e7dacadee7f8bb9a2672a9\annotations-13.0.jar;C:\Program Files\Android\Android Studio\jre\lib\tools.jar
java_class_path (initial): C:\Users\diegof\.gradle\caches\modules-2\files-2.1\org.jetbrains.kotlin\kotlin-compiler-embeddable\1.3.21\677cc9553b8964c895abc76da9b6a0faea8f671d\kotlin-compiler-embeddable-1.3.21.jar;C:\Users\diegof\.gradle\caches\modules-2\files-2.1\org.jetbrains.kotlin\kotlin-reflect\1.3.21\d0d5ff2ac2ebd8a42697af41e20fc225a23c5d3b\kotlin-reflect-1.3.21.jar;C:\Users\diegof\.gradle\caches\modules-2\files-2.1\org.jetbrains.kotlin\kotlin-stdlib\1.3.21\4bcc2012b84840e19e1e28074284cac908be0295\kotlin-stdlib-1.3.21.jar;C:\Users\diegof\.gradle\caches\modules-2\files-2.1\org.jetbrains.kotlin\kotlin-script-runtime\1.3.21\29363d474ee6fda354900636320a177c7286def9\kotlin-script-runtime-1.3.21.jar;C:\Users\diegof\.gradle\caches\modules-2\files-2.1\org.jetbrains.intellij.deps\trove4j\1.0.20181211\216c2e14b070f334479d800987affe4054cd563f\trove4j-1.0.20181211.jar;C:\Users\diegof\.gradle\caches\modules-2\files-2.1\org.jetbrains.kotlin\kotlin-stdlib-common\1.3.21\f30e4a9897913e53d778f564110bafa1fef46643\kotlin-stdlib-common-1.3.21.jar;C:\Users\diegof\.gradle\caches\modules-2\files-2.1\org.jetbrains\annotations\13.0\919f0dfe192fb4e063e7dacadee7f8bb9a2672a9\annotations-13.0.jar;C:\Program Files\Android\Android Studio\jre\lib\tools.jar
Launcher Type: SUN_STANDARD

Environment Variables:
PATH=C:\Program Files (x86)\Intel\iCLS Client\;C:\Program Files\Intel\iCLS Client\;C:\Program Files (x86)\Common Files\Oracle\Java\javapath;C:\Windows\system32;C:\Windows;C:\Windows\System32\Wbem;C:\Windows\System32\WindowsPowerShell\v1.0\;C:\Program Files (x86)\Intel\Intel(R) Management Engine Components\DAL;C:\Program Files\Intel\Intel(R) Management Engine Components\DAL;C:\Program Files (x86)\Intel\Intel(R) Management Engine Components\IPT;C:\Program Files\Intel\Intel(R) Management Engine Components\IPT;C:\Program Files (x86)\Intel\UCRT\;C:\Program Files\Intel\UCRT\;C:\Program Files\Dell\Dell Data Protection\Access\Advanced\Wave\Gemalto\Access Client\v5\;C:\Program Files (x86)\NTRU Cryptosystems\NTRU TCG Software Stack\bin\;C:\Program Files\NTRU Cryptosystems\NTRU TCG Software Stack\bin\;C:\Program Files\Git\cmd;C:\Program Files\nodejs\;;C:\Users\diegof\AppData\Roaming\npm;C:\Users\diegof\AppData\Local\Programs\Microsoft VS Code\bin
USERNAME=diegof
OS=Windows_NT
PROCESSOR_IDENTIFIER=Intel64 Family 6 Model 58 Stepping 9, GenuineIntel



---------------  S Y S T E M  ---------------

OS: Windows 7 , 64 bit Build 7601 (6.1.7601.24291)

CPU:total 8 (initial active 8) (4 cores per cpu, 2 threads per core) family 6 model 58 stepping 9, cmov, cx8, fxsr, mmx, sse, sse2, sse3, ssse3, sse4.1, sse4.2, popcnt, avx, aes, clmul, erms, ht, tsc, tscinvbit, tscinv

Memory: 4k page, physical 8272416k(1028940k free), swap 16542928k(6487988k free)

vm_info: OpenJDK 64-Bit Server VM (25.152-b01) for windows-amd64 JRE (1.8.0_152-release-1248-b01), built by "builder" with MS VC++ 10.0 (VS2010)

time: Fri May 31 11:31:50 2019
elapsed time: 6008 seconds (0d 1h 40m 8s)

